android/app/build/intermediates/manifest_merge_blame_file/debug/manifest-merger-blame-debug-report.txt
1<?xml version="1.0" encoding="utf-8"?>
2<manifest xmlns:android="http://schemas.android.com/apk/res/android"
3    package="com.chauffer"
4    android:versionCode="1"
5    android:versionName="1.0" >
6
7    <uses-sdk
8        android:minSdkVersion="16"
9        android:targetSdkVersion="29" />
10
11    <uses-permission android:name="android.permission.SYSTEM_ALERT_WINDOW" />
11-->src\debug\AndroidManifest.xml:5:5-77
11-->src\debug\AndroidManifest.xml:5:22-75
12    <uses-permission android:name="android.permission.INTERNET" />
12-->src\main\AndroidManifest.xml:4:5-67
12-->src\main\AndroidManifest.xml:4:22-64
13    <uses-permission android:name="android.permission.ACCESS_FINE_LOCATION" />
13-->src\main\AndroidManifest.xml:5:5-81
13-->src\main\AndroidManifest.xml:5:22-78
14    <uses-permission android:name="android.permission.ACCESS_COARSE_LOCATION" /> <!-- <uses-permission android:name="android.permission.ACCESS_WIFI_STATE" /> -->
14-->src\main\AndroidManifest.xml:6:5-81
14-->src\main\AndroidManifest.xml:6:22-78
15    <uses-permission android:name="android.permission.CALL_PHONE" />
15-->src\main\AndroidManifest.xml:8:5-69
15-->src\main\AndroidManifest.xml:8:22-66
16    <uses-permission android:name="android.permission.CAMERA" />
16-->src\main\AndroidManifest.xml:10:5-65
16-->src\main\AndroidManifest.xml:10:22-62
17    <uses-permission android:name="android.permission.RECORD_AUDIO" />
17-->src\main\AndroidManifest.xml:11:5-70
17-->src\main\AndroidManifest.xml:11:22-68
18    <uses-permission android:name="android.permission.READ_EXTERNAL_STORAGE" />
18-->src\main\AndroidManifest.xml:12:3-78
18-->src\main\AndroidManifest.xml:12:20-75
19    <uses-permission android:name="android.permission.WRITE_EXTERNAL_STORAGE" />
19-->src\main\AndroidManifest.xml:13:3-79
19-->src\main\AndroidManifest.xml:13:20-76
20    <uses-permission android:name="android.permission.ACCESS_WIFI_STATE" />
20-->[com.facebook.flipper:flipper:0.54.0] AndroidManifest.xml:16:5-76
20-->[com.facebook.flipper:flipper:0.54.0] AndroidManifest.xml:16:22-73
21
22    <uses-feature
22-->[:react-native-camera] AndroidManifest.xml:11:5-13:36
23        android:name="android.hardware.camera"
23-->[:react-native-camera] AndroidManifest.xml:12:9-47
24        android:required="false" />
24-->[:react-native-camera] AndroidManifest.xml:13:9-33
25    <uses-feature
25-->[:react-native-camera] AndroidManifest.xml:14:5-16:36
26        android:name="android.hardware.camera.autofocus"
26-->[:react-native-camera] AndroidManifest.xml:15:9-57
27        android:required="false" /> <!-- Include required permissions for Google Maps API to run. -->
27-->[:react-native-camera] AndroidManifest.xml:16:9-33
28    <uses-permission android:name="android.permission.ACCESS_NETWORK_STATE" />
28-->[com.google.android.gms:play-services-maps:17.0.0] AndroidManifest.xml:23:5-79
28-->[com.google.android.gms:play-services-maps:17.0.0] AndroidManifest.xml:23:22-76
29
30    <uses-feature
30-->[com.google.android.gms:play-services-maps:17.0.0] AndroidManifest.xml:26:5-28:35
31        android:glEsVersion="0x00020000"
31-->[com.google.android.gms:play-services-maps:17.0.0] AndroidManifest.xml:27:9-41
32        android:required="true" />
32-->[com.google.android.gms:play-services-maps:17.0.0] AndroidManifest.xml:28:9-32
33
34    <application
34-->src\main\AndroidManifest.xml:15:5-39:19
35        android:name="com.chauffer.MainApplication"
35-->src\main\AndroidManifest.xml:16:7-38
36        android:allowBackup="false"
36-->src\main\AndroidManifest.xml:20:7-34
37        android:appComponentFactory="androidx.core.app.CoreComponentFactory"
37-->[androidx.core:core:1.1.0] AndroidManifest.xml:24:18-86
38        android:debuggable="true"
39        android:icon="@mipmap/ic_launcher"
39-->src\main\AndroidManifest.xml:18:7-41
40        android:label="@string/app_name"
40-->src\main\AndroidManifest.xml:17:7-39
41        android:roundIcon="@mipmap/ic_launcher_round"
41-->src\main\AndroidManifest.xml:19:7-52
42        android:theme="@style/AppTheme"
42-->src\main\AndroidManifest.xml:21:7-38
43        android:usesCleartextTraffic="true" >
43-->src\debug\AndroidManifest.xml:7:18-53
44        <activity
44-->src\main\AndroidManifest.xml:22:7-32:18
45            android:name="com.chauffer.MainActivity"
45-->src\main\AndroidManifest.xml:23:9-37
46            android:configChanges="keyboard|keyboardHidden|orientation|screenSize|uiMode"
46-->src\main\AndroidManifest.xml:25:9-86
47            android:label="@string/app_name"
47-->src\main\AndroidManifest.xml:24:9-41
48            android:launchMode="singleTask"
48-->src\main\AndroidManifest.xml:26:9-40
49            android:windowSoftInputMode="adjustResize" >
49-->src\main\AndroidManifest.xml:27:9-51
50            <intent-filter>
50-->src\main\AndroidManifest.xml:28:9-31:25
51                <action android:name="android.intent.action.MAIN" />
51-->src\main\AndroidManifest.xml:29:13-65
51-->src\main\AndroidManifest.xml:29:21-62
52
53                <category android:name="android.intent.category.LAUNCHER" />
53-->src\main\AndroidManifest.xml:30:13-73
53-->src\main\AndroidManifest.xml:30:23-70
54            </intent-filter>
55        </activity>
56        <activity android:name="com.facebook.react.devsupport.DevSettingsActivity" />
56-->src\main\AndroidManifest.xml:33:7-84
56-->src\main\AndroidManifest.xml:33:17-81
57
58        <meta-data
58-->src\main\AndroidManifest.xml:35:7-37:66
59            android:name="com.google.android.geo.API_KEY"
59-->src\main\AndroidManifest.xml:36:9-54
60            android:value="AIzaSyBLU1ByQFX6S9TKjn1UqvPyGmZrceStn8U" />
60-->src\main\AndroidManifest.xml:37:9-64
61
62        <service
62-->[:react-native-send-intent] AndroidManifest.xml:12:9-14:39
63            android:name="com.burnweb.rnsendintent.RNSendIntentModule"
63-->[:react-native-send-intent] AndroidManifest.xml:13:13-71
64            android:exported="true" />
64-->[:react-native-send-intent] AndroidManifest.xml:14:13-36
65
66        <provider
66-->[:react-native-send-intent] AndroidManifest.xml:16:9-24:20
67            android:name="com.burnweb.rnsendintent.FileProvider"
67-->[:react-native-send-intent] AndroidManifest.xml:17:13-65
68            android:authorities="com.chauffer.fileprovider"
68-->[:react-native-send-intent] AndroidManifest.xml:18:13-64
69            android:exported="false"
69-->[:react-native-send-intent] AndroidManifest.xml:19:13-37
70            android:grantUriPermissions="true" >
70-->[:react-native-send-intent] AndroidManifest.xml:20:13-47
71            <meta-data
71-->[:react-native-send-intent] AndroidManifest.xml:21:13-23:54
72                android:name="android.support.FILE_PROVIDER_PATHS"
72-->[:react-native-send-intent] AndroidManifest.xml:22:17-67
73                android:resource="@xml/file_paths" />
73-->[:react-native-send-intent] AndroidManifest.xml:23:17-51
74        </provider> <!-- Needs to be explicitly declared on P+ -->
75        <uses-library
75-->[com.google.android.gms:play-services-maps:17.0.0] AndroidManifest.xml:33:9-35:40
76            android:name="org.apache.http.legacy"
76-->[com.google.android.gms:play-services-maps:17.0.0] AndroidManifest.xml:34:13-50
77            android:required="false" />
77-->[com.google.android.gms:play-services-maps:17.0.0] AndroidManifest.xml:35:13-37
78
79        <activity
79-->[com.google.android.gms:play-services-base:17.0.0] AndroidManifest.xml:23:9-26:75
80            android:name="com.google.android.gms.common.api.GoogleApiActivity"
80-->[com.google.android.gms:play-services-base:17.0.0] AndroidManifest.xml:24:13-79
81            android:exported="false"
81-->[com.google.android.gms:play-services-base:17.0.0] AndroidManifest.xml:25:13-37
82            android:theme="@android:style/Theme.Translucent.NoTitleBar" />
82-->[com.google.android.gms:play-services-base:17.0.0] AndroidManifest.xml:26:13-72
83
84        <meta-data
84-->[com.google.android.gms:play-services-basement:17.0.0] AndroidManifest.xml:23:9-25:69
85            android:name="com.google.android.gms.version"
85-->[com.google.android.gms:play-services-basement:17.0.0] AndroidManifest.xml:24:13-58
86            android:value="@integer/google_play_services_version" />
86-->[com.google.android.gms:play-services-basement:17.0.0] AndroidManifest.xml:25:13-66
87    </application>
88
89</manifest>